#
# There is insufficient memory for the Java Runtime Environment to continue.
# Native memory allocation (mmap) failed to map 134217728 bytes. Error detail: G1 virtual space
# Possible reasons:
#   The system is out of physical RAM or swap space
#   This process is running with CompressedOops enabled, and the Java Heap may be blocking the growth of the native heap
# Possible solutions:
#   Reduce memory load on the system
#   Increase physical memory or swap space
#   Check if swap backing store is full
#   Decrease Java heap size (-Xmx/-Xms)
#   Decrease number of Java threads
#   Decrease Java thread stack sizes (-Xss)
#   Set larger code cache with -XX:ReservedCodeCacheSize=
#   JVM is running with Unscaled Compressed Oops mode in which the Java heap is
#     placed in the first 4GB address space. The Java Heap base address is the
#     maximum limit for the native heap growth. Please use -XX:HeapBaseMinAddress
#     to set the Java Heap base and to place the Java Heap above 4GB virtual address.
# This output file may be truncated or incomplete.
#
#  Out of Memory Error (os_windows.cpp:3828), pid=12128, tid=14404
#
# JRE version:  (21.0.5+8) (build )
# Java VM: OpenJDK 64-Bit Server VM (21.0.5+8-b631.28, mixed mode, sharing, tiered, compressed oops, compressed class ptrs, g1 gc, windows-amd64)
# No core dump will be written. Minidumps are not enabled by default on client versions of Windows
#

---------------  S U M M A R Y ------------

Command Line: -Djava.rmi.server.hostname=127.0.0.1 -Duser.timezone=UTC -Xmx2048m -Xms128m -Djdbc.classpath=C:\Users\ASUS\AppData\Local\Temp\RemoteDriver2.classpath.txt --add-exports=java.desktop/sun.awt=ALL-UNNAMED --add-exports=java.desktop/java.awt.peer=ALL-UNNAMED --add-opens=java.desktop/java.awt=ALL-UNNAMED --add-opens=jdk.unsupported/sun.misc=ALL-UNNAMED --add-opens=java.base/java.nio=ALL-UNNAMED --add-opens=java.base/java.util=ALL-UNNAMED -Dfile.encoding=UTF-8 -Dsun.stdout.encoding=UTF-8 -Dsun.stderr.encoding=UTF-8 com.intellij.database.remote.RemoteJdbcServer org.postgresql.Driver

Host: AMD Ryzen 5 5500U with Radeon Graphics         , 12 cores, 7G,  Windows 10 , 64 bit Build 19041 (10.0.19041.5198)
Time: Wed Jan  8 12:36:13 2025 Sri Lanka Standard Time elapsed time: 0.018496 seconds (0d 0h 0m 0s)

---------------  T H R E A D  ---------------

Current thread (0x000001fca21b3810):  JavaThread "Unknown thread" [_thread_in_vm, id=14404, stack(0x0000006691a00000,0x0000006691b00000) (1024K)]

Stack: [0x0000006691a00000,0x0000006691b00000]
Native frames: (J=compiled Java code, j=interpreted, Vv=VM code, C=native code)
V  [jvm.dll+0x6e52b9]
V  [jvm.dll+0x8c3633]
V  [jvm.dll+0x8c5b8e]
V  [jvm.dll+0x8c6273]
V  [jvm.dll+0x288f46]
V  [jvm.dll+0x6e1a35]
V  [jvm.dll+0x6d5e3a]
V  [jvm.dll+0x3634bb]
V  [jvm.dll+0x36b086]
V  [jvm.dll+0x3bd346]
V  [jvm.dll+0x3bd618]
V  [jvm.dll+0x335c2c]
V  [jvm.dll+0x33691b]
V  [jvm.dll+0x88aa89]
V  [jvm.dll+0x3ca518]
V  [jvm.dll+0x873b98]
V  [jvm.dll+0x45eede]
V  [jvm.dll+0x460bc1]
C  [jli.dll+0x52ab]
C  [ucrtbase.dll+0x21bb2]
C  [KERNEL32.DLL+0x17374]
C  [ntdll.dll+0x4cc91]


---------------  P R O C E S S  ---------------

Threads class SMR info:
_java_thread_list=0x00007ffea2b7a148, length=0, elements={
}

Java Threads: ( => current thread )
Total: 0

Other Threads:
  0x000001fca2378860 WorkerThread "GC Thread#0"                     [id=9888, stack(0x0000006691b00000,0x0000006691c00000) (1024K)]
  0x000001fca23c8010 ConcurrentGCThread "G1 Main Marker"            [id=11572, stack(0x0000006691c00000,0x0000006691d00000) (1024K)]
  0x000001fca23c91c0 WorkerThread "G1 Conc#0"                       [id=7676, stack(0x0000006691d00000,0x0000006691e00000) (1024K)]

[error occurred during error reporting (printing all threads), id 0xc0000005, EXCEPTION_ACCESS_VIOLATION (0xc0000005) at pc=0x00007ffea2268ce7]
VM state: not at safepoint (not fully initialized)

VM Mutex/Monitor currently owned by a thread:  ([mutex/lock_event])
[0x00007ffea2beeb30] Heap_lock - owner thread: 0x000001fca21b3810

Heap address: 0x0000000080000000, size: 2048 MB, Compressed Oops mode: 32-bit

CDS archive(s) mapped at: [0x0000000000000000-0x0000000000000000-0x0000000000000000), size 0, SharedBaseAddress: 0x0000000800000000, ArchiveRelocationMode: 1.
Narrow klass base: 0x0000000000000000, Narrow klass shift: 0, Narrow klass range: 0x0

GC Precious Log:
 CardTable entry size: 512
 Card Set container configuration: InlinePtr #cards 5 size 8 Array Of Cards #cards 12 size 40 Howl #buckets 4 coarsen threshold 1843 Howl Bitmap #cards 512 size 80 coarsen threshold 460 Card regions per heap region 1 cards per card region 2048

Heap:
 garbage-first heap   total 0K, used 0K [0x0000000080000000, 0x0000000100000000)
  region size 1024K, 0 young (0K), 0 survivors (0K)
 Metaspace       used 0K, committed 0K, reserved 0K
  class space    used 0K, committed 0K, reserved 0K

Heap Regions: E=young(eden), S=young(survivor), O=old, HS=humongous(starts), HC=humongous(continues), CS=collection set, F=free, TAMS=top-at-mark-start, PB=parsable bottom

Card table byte_map: [0x000001fcb7b30000,0x000001fcb7f30000] _byte_map_base: 0x000001fcb7730000

Marking Bits: (CMBitMap*) 0x000001fca2378e70
 Bits: [0x000001fcb7f30000, 0x000001fcb9f30000)

GC Heap History (0 events):
No events

Dll operation events (1 events):
Event: 0.012 Loaded shared library C:\Program Files\JetBrains\IntelliJ IDEA 2024.3.1.1\jbr\bin\java.dll

Deoptimization events (0 events):
No events

Classes loaded (0 events):
No events

Classes unloaded (0 events):
No events

Classes redefined (0 events):
No events

Internal exceptions (0 events):
No events

ZGC Phase Switch (0 events):
No events

VM Operations (0 events):
No events

Memory protections (0 events):
No events

Nmethod flushes (0 events):
No events

Events (0 events):
No events


Dynamic libraries:
0x00007ff761710000 - 0x00007ff76171a000 	C:\Program Files\JetBrains\IntelliJ IDEA 2024.3.1.1\jbr\bin\java.exe
0x00007fff16130000 - 0x00007fff16328000 	C:\Windows\SYSTEM32\ntdll.dll
0x00007fff146d0000 - 0x00007fff14792000 	C:\Windows\System32\KERNEL32.DLL
0x00007fff13ab0000 - 0x00007fff13dae000 	C:\Windows\System32\KERNELBASE.dll
0x00007fff13db0000 - 0x00007fff13eb0000 	C:\Windows\System32\ucrtbase.dll
0x00007fff0e980000 - 0x00007fff0e99b000 	C:\Program Files\JetBrains\IntelliJ IDEA 2024.3.1.1\jbr\bin\VCRUNTIME140.dll
0x00007ffefb610000 - 0x00007ffefb628000 	C:\Program Files\JetBrains\IntelliJ IDEA 2024.3.1.1\jbr\bin\jli.dll
0x00007fff155b0000 - 0x00007fff1574d000 	C:\Windows\System32\USER32.dll
0x00007fff02420000 - 0x00007fff026ba000 	C:\Windows\WinSxS\amd64_microsoft.windows.common-controls_6595b64144ccf1df_6.0.19041.4355_none_60b8b9eb71f62e16\COMCTL32.dll
0x00007fff13830000 - 0x00007fff13852000 	C:\Windows\System32\win32u.dll
0x00007fff15bc0000 - 0x00007fff15c5e000 	C:\Windows\System32\msvcrt.dll
0x00007fff154b0000 - 0x00007fff154db000 	C:\Windows\System32\GDI32.dll
0x00007fff13860000 - 0x00007fff13977000 	C:\Windows\System32\gdi32full.dll
0x00007fff14010000 - 0x00007fff140ad000 	C:\Windows\System32\msvcp_win.dll
0x00007fff147b0000 - 0x00007fff147df000 	C:\Windows\System32\IMM32.DLL
0x00007fff0c910000 - 0x00007fff0c91c000 	C:\Program Files\JetBrains\IntelliJ IDEA 2024.3.1.1\jbr\bin\vcruntime140_1.dll
0x00007ffefb580000 - 0x00007ffefb60d000 	C:\Program Files\JetBrains\IntelliJ IDEA 2024.3.1.1\jbr\bin\msvcp140.dll
0x00007ffea1f20000 - 0x00007ffea2ce1000 	C:\Program Files\JetBrains\IntelliJ IDEA 2024.3.1.1\jbr\bin\server\jvm.dll
0x00007fff15390000 - 0x00007fff15441000 	C:\Windows\System32\ADVAPI32.dll
0x00007fff15030000 - 0x00007fff150cf000 	C:\Windows\System32\sechost.dll
0x00007fff15180000 - 0x00007fff152a3000 	C:\Windows\System32\RPCRT4.dll
0x00007fff13a80000 - 0x00007fff13aa7000 	C:\Windows\System32\bcrypt.dll
0x00007fff15320000 - 0x00007fff1538b000 	C:\Windows\System32\WS2_32.dll
0x00007fff0a1c0000 - 0x00007fff0a1e7000 	C:\Windows\SYSTEM32\WINMM.dll
0x00007fff13600000 - 0x00007fff1364b000 	C:\Windows\SYSTEM32\POWRPROF.dll
0x00007fff0b580000 - 0x00007fff0b58a000 	C:\Windows\SYSTEM32\VERSION.dll
0x00007fff135e0000 - 0x00007fff135f2000 	C:\Windows\SYSTEM32\UMPDC.dll
0x00007fff11fc0000 - 0x00007fff11fd2000 	C:\Windows\SYSTEM32\kernel.appcore.dll
0x00007fff0b050000 - 0x00007fff0b05a000 	C:\Program Files\JetBrains\IntelliJ IDEA 2024.3.1.1\jbr\bin\jimage.dll
0x00007fff113f0000 - 0x00007fff115d4000 	C:\Windows\SYSTEM32\DBGHELP.DLL
0x00007fff02000000 - 0x00007fff02034000 	C:\Windows\SYSTEM32\dbgcore.DLL
0x00007fff137a0000 - 0x00007fff13822000 	C:\Windows\System32\bcryptPrimitives.dll
0x00007fff0b030000 - 0x00007fff0b050000 	C:\Program Files\JetBrains\IntelliJ IDEA 2024.3.1.1\jbr\bin\java.dll

dbghelp: loaded successfully - version: 4.0.5 - missing functions: none
symbol engine: initialized successfully - sym options: 0x614 - pdb path: .;C:\Program Files\JetBrains\IntelliJ IDEA 2024.3.1.1\jbr\bin;C:\Windows\SYSTEM32;C:\Windows\WinSxS\amd64_microsoft.windows.common-controls_6595b64144ccf1df_6.0.19041.4355_none_60b8b9eb71f62e16;C:\Program Files\JetBrains\IntelliJ IDEA 2024.3.1.1\jbr\bin\server

VM Arguments:
jvm_args: -Djava.rmi.server.hostname=127.0.0.1 -Duser.timezone=UTC -Xmx2048m -Xms128m -Djdbc.classpath=C:\Users\ASUS\AppData\Local\Temp\RemoteDriver2.classpath.txt --add-exports=java.desktop/sun.awt=ALL-UNNAMED --add-exports=java.desktop/java.awt.peer=ALL-UNNAMED --add-opens=java.desktop/java.awt=ALL-UNNAMED --add-opens=jdk.unsupported/sun.misc=ALL-UNNAMED --add-opens=java.base/java.nio=ALL-UNNAMED --add-opens=java.base/java.util=ALL-UNNAMED -Dfile.encoding=UTF-8 -Dsun.stdout.encoding=UTF-8 -Dsun.stderr.encoding=UTF-8 
java_command: com.intellij.database.remote.RemoteJdbcServer org.postgresql.Driver
java_class_path (initial): C:\Program Files\JetBrains\IntelliJ IDEA 2024.3.1.1\lib\util_rt.jar;C:\Program Files\JetBrains\IntelliJ IDEA 2024.3.1.1\lib\util-8.jar;C:\Program Files\JetBrains\IntelliJ IDEA 2024.3.1.1\lib\groovy.jar;C:\Program Files\JetBrains\IntelliJ IDEA 2024.3.1.1\plugins\DatabaseTools\lib\jdbc-console.jar;C:\Program Files\JetBrains\IntelliJ IDEA 2024.3.1.1\plugins\grid-core-impl\lib\jdbc-console-types.jar;C:\Program Files\JetBrains\IntelliJ IDEA 2024.3.1.1\lib\util.jar;C:\Program Files\JetBrains\IntelliJ IDEA 2024.3.1.1\lib\bouncy-castle.jar
Launcher Type: SUN_STANDARD

[Global flags]
     intx CICompilerCount                          = 4                                         {product} {ergonomic}
     uint ConcGCThreads                            = 3                                         {product} {ergonomic}
     uint G1ConcRefinementThreads                  = 10                                        {product} {ergonomic}
   size_t G1HeapRegionSize                         = 1048576                                   {product} {ergonomic}
    uintx GCDrainStackTargetSize                   = 64                                        {product} {ergonomic}
   size_t InitialHeapSize                          = 134217728                                 {product} {command line}
   size_t MarkStackSize                            = 4194304                                   {product} {ergonomic}
   size_t MaxHeapSize                              = 2147483648                                {product} {command line}
   size_t MinHeapDeltaBytes                        = 1048576                                   {product} {ergonomic}
   size_t MinHeapSize                              = 134217728                                 {product} {command line}
    uintx NonNMethodCodeHeapSize                   = 5839372                                {pd product} {ergonomic}
    uintx NonProfiledCodeHeapSize                  = 122909434                              {pd product} {ergonomic}
    uintx ProfiledCodeHeapSize                     = 122909434                              {pd product} {ergonomic}
    uintx ReservedCodeCacheSize                    = 251658240                              {pd product} {ergonomic}
     bool SegmentedCodeCache                       = true                                      {product} {ergonomic}
   size_t SoftMaxHeapSize                          = 2147483648                             {manageable} {ergonomic}
     bool UseCompressedOops                        = true                           {product lp64_product} {ergonomic}
     bool UseG1GC                                  = true                                      {product} {ergonomic}
     bool UseLargePagesIndividualAllocation        = false                                  {pd product} {ergonomic}

Logging:
Log output configuration:
 #0: stdout all=warning uptime,level,tags foldmultilines=false
 #1: stderr all=off uptime,level,tags foldmultilines=false

Environment Variables:
PATH=C:\Program Files\Common Files\Oracle\Java\javapath;C:\Windows\system32;C:\Windows;C:\Windows\System32\Wbem;C:\Windows\System32\WindowsPowerShell\v1.0\;C:\Windows\System32\OpenSSH\;C:\Program Files (x86)\dotnet\;C:\Program Files\Java\jdk-21\bin;D:\New folder\runtime\win64;D:\New folder\bin;D:\New folder\polyspace\bin;C:\Program Files\Microsoft SQL Server\150\Tools\Binn\;C:\Program Files\dotnet\;C:\Program Files\Git\cmd;C:\Program Files\nodejs\;C:\Program Files\dotnet;C:\Users\ASUS\.dotnet\tools;C:\Users\ASUS\AppData\Local\Programs\Python\Python310\Scripts\;C:\Users\ASUS\AppData\Local\Programs\Python\Python310\;C:\Users\ASUS\AppData\Local\Microsoft\WindowsApps;C:\Users\ASUS\AppData\Local\Programs\Microsoft VS Code\bin;;C:\Program Files\JetBrains\IntelliJ IDEA 2024.3.1.1\bin;;C:\Users\ASUS\AppData\Roaming\npm
USERNAME=ASUS
OS=Windows_NT
PROCESSOR_IDENTIFIER=AMD64 Family 23 Model 104 Stepping 1, AuthenticAMD
TMP=C:\Users\ASUS\AppData\Local\Temp
TEMP=C:\Users\ASUS\AppData\Local\Temp




Periodic native trim disabled

JNI global refs:
JNI global refs: 0, weak refs: 0

JNI global refs memory usage: 0, weak refs: 0

Process memory usage:
Resident Set Size: 10920K (0% of 7761988K total physical memory with 692760K free physical memory)

OOME stack traces (most recent first):
Classloader memory used:

---------------  S Y S T E M  ---------------

OS:
 Windows 10 , 64 bit Build 19041 (10.0.19041.5198)
OS uptime: 0 days 0:24 hours

CPU: total 12 (initial active 12) (12 cores per cpu, 2 threads per core) family 23 model 104 stepping 1 microcode 0x0, cx8, cmov, fxsr, ht, mmx, 3dnowpref, sse, sse2, sse3, ssse3, sse4a, sse4.1, sse4.2, popcnt, lzcnt, tsc, tscinvbit, avx, avx2, aes, clmul, bmi1, bmi2, adx, sha, fma, vzeroupper, clflush, clflushopt, rdtscp, rdpid, f16c
Processor Information for all 12 processors :
  Max Mhz: 2100, Current Mhz: 2100, Mhz Limit: 2100

Memory: 4k page, system-wide physical 7580M (676M free)
TotalPageFile size 9482M (AvailPageFile size 6M)
current process WorkingSet (physical memory assigned to process): 10M, peak: 10M
current process commit charge ("private bytes"): 64M, peak: 192M

vm_info: OpenJDK 64-Bit Server VM (21.0.5+8-b631.28) for windows-amd64 JRE (21.0.5+8-b631.28), built on 2024-11-23 by "builduser" with MS VC++ 16.10 / 16.11 (VS2019)

END.
